Incoming Monitor Message [D] to client:
COMMENT: Monitor Version 2.2 REQUIRE: IDENT WAITING: 


Outgoing message [D] from client:
IDENT rebelllama2 1vgnmk6dsp1jm2fnggeud3qg048pik6p38fl66no6vok9kms5913mrngv8su7murqfiiksi0adsedth6ui9nvoo3c090ohfih38lgvs


Incoming Monitor Message [D] to client:
RESULT: IDENT 23omcumo7icl2huc56ucfsf5l9crk7el0mqc9naaftknad4t0ar8fgp0gonsj010mfo8hkikhh6q2b4k0k8smk61lq4r356kh3nran2 REQUIRE: PASSWORD WAITING: 


Outgoing message [E] from client:
PASSWORD mynewpassword


Incoming Monitor Message [E] to client:
RESULT: PASSWORD HYW6JB93A0XQU5CCKGQ REQUIRE: HOST_PORT WAITING: 


Outgoing message [E] from client:
HOST_PORT 172.30.28.116 20063


Incoming Monitor Message [D] to server:
COMMENT: Monitor Version 2.2 PARTICIPANT_PASSWORD_CHECKSUM:  4ef85ac7fbc4edb46381f7e1a2bf2ec7a8daba78 REQUIRE: IDENT WAITING: 


Outgoing message [D] from server:
IDENT rebelllama2 18rr1gnt0tgdnk4p12n1ld55njgv5r4o0v5b04vibqr0n91a5em84cekml3cm8tr7hv3q49hlefbu46r5h950rdpj69luvl6nejp9pk


Incoming Monitor Message [D] to server:
RESULT: IDENT hld9vdphcraci42ldga3poiv6elnkhv4ti1rk37loc768j1rtnak48bjd2p54eab8c6hesauhtq8liedbl5esjdtsc83o1vff90ks0 REQUIRE: ALIVE WAITING: 


Outgoing message [E] from server:
ALIVE HYW6JB93A0XQU5CCKGQ


Incoming Monitor Message [E] to server:
RESULT: ALIVE Identity has been verified. REQUIRE: QUIT WAITING: 


Outgoing message [E] from server:
QUIT


Incoming Monitor Message [E] to client:
RESULT: HOST_PORT SNUFFLE2.erc-wireless.uc.edu 20063 WAITING: 


Outgoing message [E] from client:
MAKE_CERTIFICATE 48jk45lcdroe3j21du3h4b66d2bn4v9lv6na8v24na8cdmgfbrmt6tkc62dlvdr0d0su4d73om3kcd6umeo5hpluekk7gadu99cfkf hm06lgk3bh9ubmrkoi0iidjkeis4deshgmubofbn3sjnktsqo8dhatb3n11ojpa4206nrp29i20c89g44gkvdsiu893mko6o1kcns1


Incoming Monitor Message [E] to client:
RESULT: CERTIFICATE REBELLLAMA2 cqj2ua7ibm923jfs62a3tkohch6nivm8g459mtrah51ajk2cbhj5ob7rql4f85o2kbksj9d9ldqi3lp3ide2ppco8h079ci3g8mk94 WAITING: 


Outgoing message [E] from client:
CHANGE_PASSWORD mynewpassword wverxbj8e6bb


Incoming Monitor Message [E] to client:
RESULT: CHANGE_PASSWORD 8XTQRPDS919TN1EMS61 WAITING: 


Outgoing message [E] from client:
SIGN_OFF


Outgoing message [E] from client:
EXIT


