Incoming Monitor Message [D] to client:
COMMENT: Monitor Version 2.2 REQUIRE: IDENT WAITING: 


Outgoing message [D] from client:
IDENT rebelllama 14tthba1ovph29t9to66be0scde1hh0ivpo6s40ve81s9scn88aunsmd59krueoofkjlpd5rck9o81nbtmo3mfoqemq7oqksgnpcv6j


Incoming Monitor Message [D] to client:
RESULT: IDENT 1mn2rg73qogdun68fj9fb6t7kjcftt4nf5g1di5rqieq8773nmg6ihm7o89c64g9joq2rqp9qnutqc3b0eoqa4i166d0qbq681s5ofa REQUIRE: PASSWORD WAITING: 


Outgoing message [E] from client:
PASSWORD mynewpassword


Incoming Monitor Message [E] to client:
RESULT: PASSWORD K8L6FJJUK8BWKNT3MGG REQUIRE: HOST_PORT WAITING: 


Outgoing message [E] from client:
HOST_PORT 172.30.28.116 20781


Incoming Monitor Message [D] to server:
COMMENT: Monitor Version 2.2 PARTICIPANT_PASSWORD_CHECKSUM:  4ef85ac7fbc4edb46381f7e1a2bf2ec7a8daba78 REQUIRE: IDENT WAITING: 


Outgoing message [D] from server:
IDENT rebelllama e7rl1o54uu2sf7hde02nfhgrkjne2oocndo2aaeb9a1cc126u2fcp55sef3khb20npaugo4h0qot7vq97t7veriug11ti8dq36k5hg


Incoming Monitor Message [D] to server:
RESULT: IDENT 1a8bv4rbnn5vhgjpircq5l482aiur5vdui6h8nbts1j97pht6d5nphb1r24c4npi6c8b9eljqt4k8k9tecl8rlli10k23jv7v467k5t REQUIRE: ALIVE WAITING: 


Outgoing message [E] from server:
ALIVE K8L6FJJUK8BWKNT3MGG


Incoming Monitor Message [E] to server:
RESULT: ALIVE Identity has been verified. REQUIRE: QUIT WAITING: 


Outgoing message [E] from server:
QUIT


Incoming Monitor Message [E] to client:
RESULT: HOST_PORT SNUFFLE2.erc-wireless.uc.edu 20781 WAITING: 


Outgoing message [E] from client:
MAKE_CERTIFICATE a66pbmjbqmbdonejjagvggkhu0hijavn4fhgbq6fbanjo7pad3oi5det0i353l44mbh1nfg5nl7j5a07ml8mbdsj0jn4cs780c4cnj hm06lgk3bh9ubmrkoi0iidjkeis4deshgmubofbn3sjnktsqo8dhatb3n11ojpa4206nrp29i20c89g44gkvdsiu893mko6o1kcns1


Incoming Monitor Message [E] to client:
RESULT: CERTIFICATE REBELLLAMA 1njlv05g3mtlfvb4n2qs7dejf4srq14kgbkl3lqpep5eh0u3h6rhimk9ta0ecvmmc76imdoqdo6nleb83np8dnvgflgm3o7pqjg556 WAITING: 


Outgoing message [E] from client:
CHANGE_PASSWORD mynewpassword 13yyzan4pa9hg


Incoming Monitor Message [E] to client:
RESULT: CHANGE_PASSWORD 6RH3UN27WLHJSFXY7YU WAITING: 


Outgoing message [E] from client:
SIGN_OFF


Outgoing message [E] from client:
SIGN OFF


Outgoing message [E] from client:
signoff


Outgoing message [E] from client:
EXIT


